mktextfm SimSun
mktextfm SimSun
mktextfm SimSun
mktextfm SimSun
mktextfm SimSun
mktextfm SimSun
mktextfm SimSun
mktextfm SimSun
mktextfm SimSun
mktextfm SimSun
mktextfm SimSun
mktextfm SimSun
mktextfm SimSun
mktextfm SimSun
mktextfm SimSun
mktextfm SimSun
mktextfm SimSun/ICU
mktextfm SimSun/ICU
mktextfm SimSun/ICU
mktextfm SimSun/ICU
mktextfm Arial
mktextfm Arial
mktextfm Arial
mktextfm Arial
mktextfm Arial
mktextfm Arial
mktextfm Arial
mktextfm Arial
mktextfm Helvetica
mktextfm Helvetica
mktextfm Helvetica
mktextfm Helvetica
mktextfm Helvetica
mktextfm Helvetica
mktextfm Helvetica
mktextfm Helvetica
mktextfm Arial
mktextfm Arial
mktextfm Arial
mktextfm Arial
mktextfm Arial
mktextfm Arial
mktextfm Arial
mktextfm Arial
mktextfm smalls
mktextfm smalls
mktextfm smalls
mktextfm smalls
mktextfm smalls
mktextfm smalls
mktextfm smalls
mktextfm smalls
mktextfm SimSun
mktextfm SimSun
mktextfm SimSun
mktextfm SimSun
mktextfm SimSun
mktextfm zhvert
mktextfm 
mktextfm SimSun-ExtB
